Arguments: 
  D:\files\node.exe D:\files\bin\yarn.js run dev

PATH: 
  C:\Windows\System32;C:\Program Files\nodejs\node.exe;D:\files\;C:\Program Files\TortoiseSVN\bin;D:\files\bin\;D:\安装\Microsoft VS Code\bin;D:\xampp\php;;D:\安装\Microsoft VS Code\bin;C:\ProgramData\nvm;C:\Program Files\nodejs;C:\Users\Administrator\AppData\Roaming\npm;C:\Users\Administrator\AppData\Local\Yarn\bin;D:\files\Microsoft VS Code\bin

Yarn version: 
  1.5.1

Node version: 
  8.9.3

Platform: 
  win32 x64

npm manifest: 
  {
    "name": "parcel-vue",
    "version": "1.0.0",
    "main": "index.js",
    "license": "MIT",
    "author": "liulinqiang",
    "dependencies": {
      "@babel/preset-env": "^7.1.0",
      "autoprefixer": "6.x",
      "babel-polyfill": "^6.26.0",
      "cssnext": "^1.8.4",
      "element-ui": "^2.4.8",
      "node-sass": "^4.9.3",
      "vue": "^2.5.17",
      "vue-hot-reload-api": "^2.3.1",
      "vue-router": "^3.0.1"
    },
    "scripts": {
      "start": "parcel index.html",
      "build": "parcel build index.html --public-url ./"
    },
    "devDependencies": {
      "@babel/core": "^7.1.2",
      "@vue/component-compiler-utils": "^2.2.0",
      "sass": "^1.14.2",
      "vue-template-compiler": "^2.5.17"
    }
  }

yarn manifest: 
  No manifest

Lockfile: 
  No lockfile

Trace: 
  Error: Command "dev" not found.
      at new MessageError (D:\files\lib\cli.js:186:110)
      at D:\files\lib\cli.js:87307:17
      at Generator.next (<anonymous>)
      at step (D:\files\lib\cli.js:98:30)
      at D:\files\lib\cli.js:116:14
      at new Promise (<anonymous>)
      at new F (D:\files\lib\cli.js:23451:28)
      at D:\files\lib\cli.js:95:12
      at runCommand (D:\files\lib\cli.js:87312:22)
      at Object.<anonymous> (D:\files\lib\cli.js:87412:14)
